<?xml version="1.0" encoding="UTF-8"?>
<!-- Generated by org.testng.reporters.JUnitReportReporter -->
<testsuite name="TSC_Framework_AllTestCase.JobSeeker_TestCase" tests="5" time="63.097" ignored="0" failures="0" timestamp="08 Apr 2019 07:50:19 GMT" skipped="0" hostname="RIPLBRD48" errors="0">
  <testcase name="Myprofile" time="3.419" classname="TSC_Framework_AllTestCase.JobSeeker_TestCase"/>
  <testcase name="JobSeekerMyServiceProvider" time="19.953" classname="TSC_Framework_AllTestCase.JobSeeker_TestCase"/>
  <testcase name="Logout" time="12.130" classname="TSC_Framework_AllTestCase.JobSeeker_TestCase"/>
  <testcase name="JobSeekerBasicInforamtion" time="17.420" classname="TSC_Framework_AllTestCase.JobSeeker_TestCase"/>
  <testcase name="inviteee" time="10.175" classname="TSC_Framework_AllTestCase.JobSeeker_TestCase"/>
</testsuite> <!-- TSC_Framework_AllTestCase.JobSeeker_TestCase -->
