<?xml version="1.0" encoding="UTF-8"?>
<!-- Generated by org.testng.reporters.JUnitReportReporter -->
<testsuite name="TSC_Framework_AllTestCase.ServiceProvider_Testcase" tests="8" time="195.145" ignored="0" failures="0" timestamp="05 Apr 2019 09:22:22 GMT" skipped="0" hostname="RIPLBRD48" errors="0">
  <testcase name="ServiceProviderProfileUpdate" time="10.966" classname="TSC_Framework_AllTestCase.ServiceProvider_Testcase"/>
  <testcase name="Logout" time="27.115" classname="TSC_Framework_AllTestCase.ServiceProvider_Testcase"/>
  <testcase name="ServiceProviderMyClientsAddMyClient" time="62.582" classname="TSC_Framework_AllTestCase.ServiceProvider_Testcase"/>
  <testcase name="ManageBranches" time="15.428" classname="TSC_Framework_AllTestCase.ServiceProvider_Testcase"/>
  <testcase name="ServiceProviderManageEmployees" time="17.254" classname="TSC_Framework_AllTestCase.ServiceProvider_Testcase"/>
  <testcase name="DashboardAndSearchJobSeeker" time="26.314" classname="TSC_Framework_AllTestCase.ServiceProvider_Testcase"/>
  <testcase name="ServiceProviderOtherSearch" time="20.110" classname="TSC_Framework_AllTestCase.ServiceProvider_Testcase"/>
  <testcase name="ServiceProviderMyInvitee" time="15.376" classname="TSC_Framework_AllTestCase.ServiceProvider_Testcase"/>
</testsuite> <!-- TSC_Framework_AllTestCase.ServiceProvider_Testcase -->
